1550693225671	mozrunner::runner	INFO	Running command: "/usr/bin/firefox" "-marionette" "-foreground" "-no-remote" "-profile" "/tmp/rust_mozprofile.Q5yRdbsTMA7i"
1550693225998	addons.webextension.screenshots@mozilla.org	WARN	Loading extension 'screenshots@mozilla.org': Reading manifest: Invalid host permission: resource://pdf.js/
1550693225999	addons.webextension.screenshots@mozilla.org	WARN	Loading extension 'screenshots@mozilla.org': Reading manifest: Invalid host permission: about:reader*
1550693227261	Marionette	INFO	Listening on port 43223
1550693227292	Marionette	WARN	TLS certificate errors will be ignored for this session
1550693244188	mozrunner::runner	INFO	Running command: "/usr/bin/firefox" "-marionette" "-foreground" "-no-remote" "-profile" "/tmp/rust_mozprofile.B4wo7dQQrFme"
1550693244532	addons.webextension.screenshots@mozilla.org	WARN	Loading extension 'screenshots@mozilla.org': Reading manifest: Invalid host permission: resource://pdf.js/
1550693244532	addons.webextension.screenshots@mozilla.org	WARN	Loading extension 'screenshots@mozilla.org': Reading manifest: Invalid host permission: about:reader*
1550693245908	Marionette	INFO	Listening on port 46847
1550693246038	Marionette	WARN	TLS certificate errors will be ignored for this session
console.error: BroadcastService: 
  receivedBroadcastMessage: handler for
  remote-settings/monitor_changes
  threw error:
  Message: Error: Polling for changes failed: NetworkError when attempting to fetch resource..
  Stack:
    remoteSettingsFunction/remoteSettings.pollChanges@resource://services-settings/remote-settings.js:750:13

console.error: BroadcastService: 
  receivedBroadcastMessage: handler for
  remote-settings/monitor_changes
  threw error:
  Message: Error: Polling for changes failed: NetworkError when attempting to fetch resource..
  Stack:
    remoteSettingsFunction/remoteSettings.pollChanges@resource://services-settings/remote-settings.js:750:13

[Parent 27273, Gecko_IOThread] WARNING: pipe error (78): Connection reset by peer: file /build/firefox-h0evE3/firefox-64.0+build3/ipc/chromium/src/chrome/common/ipc_channel_posix.cc, line 363
[Parent 27273, Gecko_IOThread] WARNING: pipe error (97): Connection reset by peer: file /build/firefox-h0evE3/firefox-64.0+build3/ipc/chromium/src/chrome/common/ipc_channel_posix.cc, line 363
1550695978991	Marionette	INFO	Stopped listening on port 46847
1550695979005	Marionette	INFO	Stopped listening on port 43223
